{"/Users/mac/Documents/Namaste-React/Coding-Assignments/Chapter-13-Unit-testing-Jest/src/contants.js": {"path":"/Users/mac/Documents/Namaste-React/Coding-Assignments/Chapter-13-Unit-testing-Jest/src/contants.js","statementMap":{"0":{"start":{"line":2,"column":2},"end":{"line":2,"column":93}},"1":{"start":{"line":5,"column":2},"end":{"line":5,"column":89}},"2":{"start":{"line":7,"column":30},"end":{"line":737,"column":1}}},"fnMap":{},"branchMap":{},"s":{"0":2,"1":2,"2":2},"f":{},"b":{},"_coverageSchema":"1a1c01bbd47fc00a2c39e90264f33305004495a9","hash":"5dd306b6177570fcb3d35aeee6cae5eeb0712d62"}
,"/Users/mac/Documents/Namaste-React/Coding-Assignments/Chapter-13-Unit-testing-Jest/src/components/Body.js": {"path":"/Users/mac/Documents/Namaste-React/Coding-Assignments/Chapter-13-Unit-testing-Jest/src/components/Body.js","statementMap":{"0":{"start":{"line":10,"column":13},"end":{"line":91,"column":1}},"1":{"start":{"line":11,"column":46},"end":{"line":11,"column":58}},"2":{"start":{"line":12,"column":56},"end":{"line":12,"column":68}},"3":{"start":{"line":13,"column":38},"end":{"line":13,"column":50}},"4":{"start":{"line":14,"column":28},"end":{"line":14,"column":51}},"5":{"start":{"line":16,"column":2},"end":{"line":18,"column":9}},"6":{"start":{"line":17,"column":4},"end":{"line":17,"column":21}},"7":{"start":{"line":21,"column":17},"end":{"line":23,"column":5}},"8":{"start":{"line":24,"column":17},"end":{"line":24,"column":34}},"9":{"start":{"line":25,"column":4},"end":{"line":25,"column":63}},"10":{"start":{"line":26,"column":4},"end":{"line":26,"column":68}},"11":{"start":{"line":28,"column":2},"end":{"line":28,"column":35}},"12":{"start":{"line":28,"column":23},"end":{"line":28,"column":35}},"13":{"start":{"line":30,"column":2},"end":{"line":90,"column":4}},"14":{"start":{"line":42,"column":12},"end":{"line":42,"column":42}},"15":{"start":{"line":50,"column":25},"end":{"line":50,"column":63}},"16":{"start":{"line":52,"column":12},"end":{"line":52,"column":41}},"17":{"start":{"line":60,"column":12},"end":{"line":63,"column":14}},"18":{"start":{"line":69,"column":12},"end":{"line":72,"column":14}},"19":{"start":{"line":79,"column":10},"end":{"line":86,"column":12}}},"fnMap":{"0":{"name":"(anonymous_0)","decl":{"start":{"line":10,"column":13},"end":{"line":10,"column":14}},"loc":{"start":{"line":10,"column":19},"end":{"line":91,"column":1}},"line":10},"1":{"name":"(anonymous_1)","decl":{"start":{"line":16,"column":12},"end":{"line":16,"column":13}},"loc":{"start":{"line":16,"column":18},"end":{"line":18,"column":3}},"line":16},"2":{"name":"getRestaurants","decl":{"start":{"line":20,"column":17},"end":{"line":20,"column":31}},"loc":{"start":{"line":20,"column":34},"end":{"line":27,"column":3}},"line":20},"3":{"name":"(anonymous_3)","decl":{"start":{"line":41,"column":20},"end":{"line":41,"column":21}},"loc":{"start":{"line":41,"column":27},"end":{"line":43,"column":11}},"line":41},"4":{"name":"(anonymous_4)","decl":{"start":{"line":48,"column":19},"end":{"line":48,"column":20}},"loc":{"start":{"line":48,"column":25},"end":{"line":53,"column":11}},"line":48},"5":{"name":"(anonymous_5)","decl":{"start":{"line":59,"column":20},"end":{"line":59,"column":21}},"loc":{"start":{"line":60,"column":12},"end":{"line":63,"column":14}},"line":60},"6":{"name":"(anonymous_6)","decl":{"start":{"line":68,"column":20},"end":{"line":68,"column":21}},"loc":{"start":{"line":69,"column":12},"end":{"line":72,"column":14}},"line":69},"7":{"name":"(anonymous_7)","decl":{"start":{"line":78,"column":33},"end":{"line":78,"column":34}},"loc":{"start":{"line":78,"column":49},"end":{"line":87,"column":9}},"line":78}},"branchMap":{"0":{"loc":{"start":{"line":28,"column":2},"end":{"line":28,"column":35}},"type":"if","locations":[{"start":{"line":28,"column":2},"end":{"line":28,"column":35}},{"start":{},"end":{}}],"line":28},"1":{"loc":{"start":{"line":30,"column":9},"end":{"line":90,"column":3}},"type":"cond-expr","locations":[{"start":{"line":31,"column":4},"end":{"line":31,"column":15}},{"start":{"line":33,"column":4},"end":{"line":89,"column":7}}],"line":30}},"s":{"0":1,"1":8,"2":7,"3":7,"4":7,"5":7,"6":3,"7":3,"8":3,"9":3,"10":3,"11":7,"12":0,"13":7,"14":1,"15":1,"16":1,"17":0,"18":0,"19":49},"f":{"0":8,"1":3,"2":3,"3":1,"4":1,"5":0,"6":0,"7":49},"b":{"0":[0,7],"1":[3,4]},"_coverageSchema":"1a1c01bbd47fc00a2c39e90264f33305004495a9","hash":"5643da8dd31973abd07b681ef6a3f545c3350042"}
,"/Users/mac/Documents/Namaste-React/Coding-Assignments/Chapter-13-Unit-testing-Jest/src/components/Header.js": {"path":"/Users/mac/Documents/Namaste-React/Coding-Assignments/Chapter-13-Unit-testing-Jest/src/components/Header.js","statementMap":{"0":{"start":{"line":11,"column":14},"end":{"line":15,"column":1}},"1":{"start":{"line":12,"column":2},"end":{"line":14,"column":6}},"2":{"start":{"line":17,"column":15},"end":{"line":61,"column":1}},"3":{"start":{"line":18,"column":38},"end":{"line":18,"column":53}},"4":{"start":{"line":20,"column":19},"end":{"line":20,"column":30}},"5":{"start":{"line":22,"column":19},"end":{"line":22,"column":42}},"6":{"start":{"line":24,"column":20},"end":{"line":24,"column":60}},"7":{"start":{"line":24,"column":43},"end":{"line":24,"column":59}},"8":{"start":{"line":25,"column":2},"end":{"line":25,"column":25}},"9":{"start":{"line":27,"column":2},"end":{"line":60,"column":4}},"10":{"start":{"line":55,"column":31},"end":{"line":55,"column":51}},"11":{"start":{"line":57,"column":31},"end":{"line":57,"column":50}}},"fnMap":{"0":{"name":"(anonymous_0)","decl":{"start":{"line":11,"column":14},"end":{"line":11,"column":15}},"loc":{"start":{"line":12,"column":2},"end":{"line":14,"column":6}},"line":12},"1":{"name":"(anonymous_1)","decl":{"start":{"line":17,"column":15},"end":{"line":17,"column":16}},"loc":{"start":{"line":17,"column":21},"end":{"line":61,"column":1}},"line":17},"2":{"name":"(anonymous_2)","decl":{"start":{"line":24,"column":32},"end":{"line":24,"column":33}},"loc":{"start":{"line":24,"column":43},"end":{"line":24,"column":59}},"line":24},"3":{"name":"(anonymous_3)","decl":{"start":{"line":55,"column":25},"end":{"line":55,"column":26}},"loc":{"start":{"line":55,"column":31},"end":{"line":55,"column":51}},"line":55},"4":{"name":"(anonymous_4)","decl":{"start":{"line":57,"column":25},"end":{"line":57,"column":26}},"loc":{"start":{"line":57,"column":31},"end":{"line":57,"column":50}},"line":57}},"branchMap":{"0":{"loc":{"start":{"line":52,"column":39},"end":{"line":52,"column":60}},"type":"cond-expr","locations":[{"start":{"line":52,"column":50},"end":{"line":52,"column":53}},{"start":{"line":52,"column":56},"end":{"line":52,"column":60}}],"line":52},"1":{"loc":{"start":{"line":54,"column":7},"end":{"line":58,"column":7}},"type":"cond-expr","locations":[{"start":{"line":55,"column":8},"end":{"line":55,"column":68}},{"start":{"line":57,"column":8},"end":{"line":57,"column":66}}],"line":54}},"s":{"0":2,"1":6,"2":2,"3":6,"4":6,"5":6,"6":6,"7":8,"8":6,"9":6,"10":0,"11":0},"f":{"0":6,"1":6,"2":8,"3":0,"4":0},"b":{"0":[6,0],"1":[0,6]},"_coverageSchema":"1a1c01bbd47fc00a2c39e90264f33305004495a9","hash":"a89820ba6b82eb1f5c73b1461dced95556b3693b"}
,"/Users/mac/Documents/Namaste-React/Coding-Assignments/Chapter-13-Unit-testing-Jest/src/components/RestaurantCard.js": {"path":"/Users/mac/Documents/Namaste-React/Coding-Assignments/Chapter-13-Unit-testing-Jest/src/components/RestaurantCard.js","statementMap":{"0":{"start":{"line":5,"column":22},"end":{"line":23,"column":1}},"1":{"start":{"line":11,"column":19},"end":{"line":11,"column":42}},"2":{"start":{"line":12,"column":2},"end":{"line":22,"column":4}}},"fnMap":{"0":{"name":"(anonymous_0)","decl":{"start":{"line":5,"column":22},"end":{"line":5,"column":23}},"loc":{"start":{"line":10,"column":6},"end":{"line":23,"column":1}},"line":10}},"branchMap":{},"s":{"0":1,"1":49,"2":49},"f":{"0":49},"b":{},"_coverageSchema":"1a1c01bbd47fc00a2c39e90264f33305004495a9","hash":"46288885d5ace798b504aff617e7209cdd0ca369"}
,"/Users/mac/Documents/Namaste-React/Coding-Assignments/Chapter-13-Unit-testing-Jest/src/components/RestrauntMenu.js": {"path":"/Users/mac/Documents/Namaste-React/Coding-Assignments/Chapter-13-Unit-testing-Jest/src/components/RestrauntMenu.js","statementMap":{"0":{"start":{"line":9,"column":23},"end":{"line":52,"column":1}},"1":{"start":{"line":10,"column":20},"end":{"line":10,"column":31}},"2":{"start":{"line":12,"column":21},"end":{"line":12,"column":41}},"3":{"start":{"line":14,"column":19},"end":{"line":14,"column":32}},"4":{"start":{"line":16,"column":22},"end":{"line":18,"column":3}},"5":{"start":{"line":17,"column":4},"end":{"line":17,"column":28}},"6":{"start":{"line":20,"column":2},"end":{"line":51,"column":4}},"7":{"start":{"line":37,"column":12},"end":{"line":46,"column":17}},"8":{"start":{"line":42,"column":31},"end":{"line":42,"column":48}}},"fnMap":{"0":{"name":"(anonymous_0)","decl":{"start":{"line":9,"column":23},"end":{"line":9,"column":24}},"loc":{"start":{"line":9,"column":29},"end":{"line":52,"column":1}},"line":9},"1":{"name":"(anonymous_1)","decl":{"start":{"line":16,"column":22},"end":{"line":16,"column":23}},"loc":{"start":{"line":16,"column":32},"end":{"line":18,"column":3}},"line":16},"2":{"name":"(anonymous_2)","decl":{"start":{"line":36,"column":54},"end":{"line":36,"column":55}},"loc":{"start":{"line":37,"column":12},"end":{"line":46,"column":17}},"line":37},"3":{"name":"(anonymous_3)","decl":{"start":{"line":42,"column":25},"end":{"line":42,"column":26}},"loc":{"start":{"line":42,"column":31},"end":{"line":42,"column":48}},"line":42}},"branchMap":{"0":{"loc":{"start":{"line":20,"column":9},"end":{"line":51,"column":3}},"type":"cond-expr","locations":[{"start":{"line":21,"column":4},"end":{"line":21,"column":15}},{"start":{"line":23,"column":4},"end":{"line":50,"column":10}}],"line":20}},"s":{"0":1,"1":2,"2":2,"3":2,"4":2,"5":2,"6":2,"7":100,"8":2},"f":{"0":2,"1":2,"2":100,"3":2},"b":{"0":[1,1]},"_coverageSchema":"1a1c01bbd47fc00a2c39e90264f33305004495a9","hash":"8d3f0f2f5dd3a4bc165ac64453c6e659416f5986"}
,"/Users/mac/Documents/Namaste-React/Coding-Assignments/Chapter-13-Unit-testing-Jest/src/components/Shimmer.js": {"path":"/Users/mac/Documents/Namaste-React/Coding-Assignments/Chapter-13-Unit-testing-Jest/src/components/Shimmer.js","statementMap":{"0":{"start":{"line":1,"column":16},"end":{"line":11,"column":1}},"1":{"start":{"line":2,"column":2},"end":{"line":10,"column":4}},"2":{"start":{"line":7,"column":10},"end":{"line":7,"column":58}}},"fnMap":{"0":{"name":"(anonymous_0)","decl":{"start":{"line":1,"column":16},"end":{"line":1,"column":17}},"loc":{"start":{"line":1,"column":22},"end":{"line":11,"column":1}},"line":1},"1":{"name":"(anonymous_1)","decl":{"start":{"line":6,"column":13},"end":{"line":6,"column":14}},"loc":{"start":{"line":7,"column":10},"end":{"line":7,"column":58}},"line":7}},"branchMap":{},"s":{"0":2,"1":4,"2":40},"f":{"0":4,"1":40},"b":{},"_coverageSchema":"1a1c01bbd47fc00a2c39e90264f33305004495a9","hash":"ee4326ddbb29a510a48a0ece16d01e91babfc294"}
,"/Users/mac/Documents/Namaste-React/Coding-Assignments/Chapter-13-Unit-testing-Jest/src/components/sum.js": {"path":"/Users/mac/Documents/Namaste-React/Coding-Assignments/Chapter-13-Unit-testing-Jest/src/components/sum.js","statementMap":{"0":{"start":{"line":1,"column":19},"end":{"line":1,"column":34}},"1":{"start":{"line":1,"column":29},"end":{"line":1,"column":34}}},"fnMap":{"0":{"name":"(anonymous_0)","decl":{"start":{"line":1,"column":19},"end":{"line":1,"column":20}},"loc":{"start":{"line":1,"column":29},"end":{"line":1,"column":34}},"line":1}},"branchMap":{},"s":{"0":1,"1":1},"f":{"0":1},"b":{},"_coverageSchema":"1a1c01bbd47fc00a2c39e90264f33305004495a9","hash":"92ba364c66f81a0352e49b6e8e4451378b7eccbf"}
,"/Users/mac/Documents/Namaste-React/Coding-Assignments/Chapter-13-Unit-testing-Jest/src/mocks/data.js": {"path":"/Users/mac/Documents/Namaste-React/Coding-Assignments/Chapter-13-Unit-testing-Jest/src/mocks/data.js","statementMap":{"0":{"start":{"line":1,"column":25},"end":{"line":8062,"column":1}},"1":{"start":{"line":8064,"column":31},"end":{"line":10381,"column":1}}},"fnMap":{},"branchMap":{},"s":{"0":2,"1":2},"f":{},"b":{},"_coverageSchema":"1a1c01bbd47fc00a2c39e90264f33305004495a9","hash":"c0e4a60b00795446c7b158eada77b433f879fb92"}
,"/Users/mac/Documents/Namaste-React/Coding-Assignments/Chapter-13-Unit-testing-Jest/src/mocks/dummyLogo.js": {"path":"/Users/mac/Documents/Namaste-React/Coding-Assignments/Chapter-13-Unit-testing-Jest/src/mocks/dummyLogo.js","statementMap":{},"fnMap":{},"branchMap":{},"s":{},"f":{},"b":{},"_coverageSchema":"1a1c01bbd47fc00a2c39e90264f33305004495a9","hash":"7f96a8ccae37b56dd7c6b808a71564897c3aeaaa"}
,"/Users/mac/Documents/Namaste-React/Coding-Assignments/Chapter-13-Unit-testing-Jest/src/utils/UserContext.js": {"path":"/Users/mac/Documents/Namaste-React/Coding-Assignments/Chapter-13-Unit-testing-Jest/src/utils/UserContext.js","statementMap":{"0":{"start":{"line":3,"column":20},"end":{"line":8,"column":2}},"1":{"start":{"line":10,"column":0},"end":{"line":10,"column":40}}},"fnMap":{},"branchMap":{},"s":{"0":3,"1":3},"f":{},"b":{},"_coverageSchema":"1a1c01bbd47fc00a2c39e90264f33305004495a9","hash":"de63ff705697fac1e5c3295bda5b4c46e80e815c"}
,"/Users/mac/Documents/Namaste-React/Coding-Assignments/Chapter-13-Unit-testing-Jest/src/utils/cartSlice.js": {"path":"/Users/mac/Documents/Namaste-React/Coding-Assignments/Chapter-13-Unit-testing-Jest/src/utils/cartSlice.js","statementMap":{"0":{"start":{"line":3,"column":18},"end":{"line":19,"column":2}},"1":{"start":{"line":10,"column":6},"end":{"line":10,"column":39}},"2":{"start":{"line":13,"column":6},"end":{"line":13,"column":24}},"3":{"start":{"line":16,"column":6},"end":{"line":16,"column":23}},"4":{"start":{"line":21,"column":50},"end":{"line":21,"column":67}}},"fnMap":{"0":{"name":"(anonymous_0)","decl":{"start":{"line":9,"column":13},"end":{"line":9,"column":14}},"loc":{"start":{"line":9,"column":32},"end":{"line":11,"column":5}},"line":9},"1":{"name":"(anonymous_1)","decl":{"start":{"line":12,"column":16},"end":{"line":12,"column":17}},"loc":{"start":{"line":12,"column":35},"end":{"line":14,"column":5}},"line":12},"2":{"name":"(anonymous_2)","decl":{"start":{"line":15,"column":15},"end":{"line":15,"column":16}},"loc":{"start":{"line":15,"column":26},"end":{"line":17,"column":5}},"line":15}},"branchMap":{},"s":{"0":3,"1":2,"2":0,"3":0,"4":3},"f":{"0":2,"1":0,"2":0},"b":{},"_coverageSchema":"1a1c01bbd47fc00a2c39e90264f33305004495a9","hash":"8d626d74a082226e20e791c61c2b9003e32cd4c3"}
,"/Users/mac/Documents/Namaste-React/Coding-Assignments/Chapter-13-Unit-testing-Jest/src/utils/helper.js": {"path":"/Users/mac/Documents/Namaste-React/Coding-Assignments/Chapter-13-Unit-testing-Jest/src/utils/helper.js","statementMap":{"0":{"start":{"line":2,"column":21},"end":{"line":4,"column":3}},"1":{"start":{"line":3,"column":4},"end":{"line":3,"column":77}},"2":{"start":{"line":6,"column":2},"end":{"line":6,"column":20}}},"fnMap":{"0":{"name":"filterData","decl":{"start":{"line":1,"column":16},"end":{"line":1,"column":26}},"loc":{"start":{"line":1,"column":52},"end":{"line":7,"column":1}},"line":1},"1":{"name":"(anonymous_1)","decl":{"start":{"line":2,"column":40},"end":{"line":2,"column":41}},"loc":{"start":{"line":3,"column":4},"end":{"line":3,"column":77}},"line":3}},"branchMap":{},"s":{"0":1,"1":15,"2":1},"f":{"0":1,"1":15},"b":{},"_coverageSchema":"1a1c01bbd47fc00a2c39e90264f33305004495a9","hash":"ed6aca585a4c93ef81355b40fadfcea128cbe12d"}
,"/Users/mac/Documents/Namaste-React/Coding-Assignments/Chapter-13-Unit-testing-Jest/src/utils/store.js": {"path":"/Users/mac/Documents/Namaste-React/Coding-Assignments/Chapter-13-Unit-testing-Jest/src/utils/store.js","statementMap":{"0":{"start":{"line":4,"column":14},"end":{"line":8,"column":2}}},"fnMap":{},"branchMap":{},"s":{"0":3},"f":{},"b":{},"_coverageSchema":"1a1c01bbd47fc00a2c39e90264f33305004495a9","hash":"c04f28ccfff3dbd8220cd759bdeb5c0eac571d91"}
,"/Users/mac/Documents/Namaste-React/Coding-Assignments/Chapter-13-Unit-testing-Jest/src/utils/useOnline.js": {"path":"/Users/mac/Documents/Namaste-React/Coding-Assignments/Chapter-13-Unit-testing-Jest/src/utils/useOnline.js","statementMap":{"0":{"start":{"line":3,"column":18},"end":{"line":24,"column":1}},"1":{"start":{"line":4,"column":34},"end":{"line":4,"column":48}},"2":{"start":{"line":6,"column":2},"end":{"line":21,"column":9}},"3":{"start":{"line":7,"column":25},"end":{"line":9,"column":5}},"4":{"start":{"line":8,"column":6},"end":{"line":8,"column":24}},"5":{"start":{"line":10,"column":26},"end":{"line":12,"column":5}},"6":{"start":{"line":11,"column":6},"end":{"line":11,"column":25}},"7":{"start":{"line":14,"column":4},"end":{"line":14,"column":52}},"8":{"start":{"line":15,"column":4},"end":{"line":15,"column":54}},"9":{"start":{"line":17,"column":4},"end":{"line":20,"column":6}},"10":{"start":{"line":18,"column":6},"end":{"line":18,"column":57}},"11":{"start":{"line":19,"column":6},"end":{"line":19,"column":59}},"12":{"start":{"line":23,"column":2},"end":{"line":23,"column":18}}},"fnMap":{"0":{"name":"(anonymous_0)","decl":{"start":{"line":3,"column":18},"end":{"line":3,"column":19}},"loc":{"start":{"line":3,"column":24},"end":{"line":24,"column":1}},"line":3},"1":{"name":"(anonymous_1)","decl":{"start":{"line":6,"column":12},"end":{"line":6,"column":13}},"loc":{"start":{"line":6,"column":18},"end":{"line":21,"column":3}},"line":6},"2":{"name":"(anonymous_2)","decl":{"start":{"line":7,"column":25},"end":{"line":7,"column":26}},"loc":{"start":{"line":7,"column":31},"end":{"line":9,"column":5}},"line":7},"3":{"name":"(anonymous_3)","decl":{"start":{"line":10,"column":26},"end":{"line":10,"column":27}},"loc":{"start":{"line":10,"column":32},"end":{"line":12,"column":5}},"line":10},"4":{"name":"(anonymous_4)","decl":{"start":{"line":17,"column":11},"end":{"line":17,"column":12}},"loc":{"start":{"line":17,"column":17},"end":{"line":20,"column":5}},"line":17}},"branchMap":{},"s":{"0":3,"1":6,"2":6,"3":4,"4":0,"5":4,"6":0,"7":4,"8":4,"9":4,"10":4,"11":4,"12":6},"f":{"0":6,"1":4,"2":0,"3":0,"4":4},"b":{},"_coverageSchema":"1a1c01bbd47fc00a2c39e90264f33305004495a9","hash":"46ef00ac361338498ccf7e3eacc3d159832dd24a"}
,"/Users/mac/Documents/Namaste-React/Coding-Assignments/Chapter-13-Unit-testing-Jest/src/utils/useRestaurant.js": {"path":"/Users/mac/Documents/Namaste-React/Coding-Assignments/Chapter-13-Unit-testing-Jest/src/utils/useRestaurant.js","statementMap":{"0":{"start":{"line":4,"column":22},"end":{"line":18,"column":1}},"1":{"start":{"line":5,"column":39},"end":{"line":5,"column":53}},"2":{"start":{"line":7,"column":2},"end":{"line":9,"column":9}},"3":{"start":{"line":8,"column":4},"end":{"line":8,"column":24}},"4":{"start":{"line":12,"column":17},"end":{"line":12,"column":52}},"5":{"start":{"line":13,"column":17},"end":{"line":13,"column":34}},"6":{"start":{"line":14,"column":4},"end":{"line":14,"column":30}},"7":{"start":{"line":17,"column":2},"end":{"line":17,"column":20}}},"fnMap":{"0":{"name":"(anonymous_0)","decl":{"start":{"line":4,"column":22},"end":{"line":4,"column":23}},"loc":{"start":{"line":4,"column":33},"end":{"line":18,"column":1}},"line":4},"1":{"name":"(anonymous_1)","decl":{"start":{"line":7,"column":12},"end":{"line":7,"column":13}},"loc":{"start":{"line":7,"column":18},"end":{"line":9,"column":3}},"line":7},"2":{"name":"getRestaurantInfo","decl":{"start":{"line":11,"column":17},"end":{"line":11,"column":34}},"loc":{"start":{"line":11,"column":37},"end":{"line":15,"column":3}},"line":11}},"branchMap":{},"s":{"0":1,"1":2,"2":2,"3":1,"4":1,"5":1,"6":1,"7":2},"f":{"0":2,"1":1,"2":1},"b":{},"_coverageSchema":"1a1c01bbd47fc00a2c39e90264f33305004495a9","hash":"ed055fdd8e6acae0a6e57ccc9a3574b00d32ac28"}
}
