TN:
SF:src/contants.js
FNF:0
FNH:0
DA:2,2
DA:5,2
DA:7,2
LF:3
LH:3
BRF:0
BRH:0
end_of_record
TN:
SF:src/components/Body.js
FN:10,(anonymous_0)
FN:16,(anonymous_1)
FN:20,getRestaurants
FN:41,(anonymous_3)
FN:48,(anonymous_4)
FN:59,(anonymous_5)
FN:68,(anonymous_6)
FN:78,(anonymous_7)
FNF:8
FNH:6
FNDA:8,(anonymous_0)
FNDA:3,(anonymous_1)
FNDA:3,getRestaurants
FNDA:1,(anonymous_3)
FNDA:1,(anonymous_4)
FNDA:0,(anonymous_5)
FNDA:0,(anonymous_6)
FNDA:49,(anonymous_7)
DA:10,1
DA:11,8
DA:12,7
DA:13,7
DA:14,7
DA:16,7
DA:17,3
DA:21,3
DA:24,3
DA:25,3
DA:26,3
DA:28,7
DA:30,7
DA:42,1
DA:50,1
DA:52,1
DA:60,0
DA:69,0
DA:79,49
LF:19
LH:17
BRDA:28,0,0,0
BRDA:28,0,1,7
BRDA:30,1,0,3
BRDA:30,1,1,4
BRF:4
BRH:3
end_of_record
TN:
SF:src/components/Header.js
FN:11,(anonymous_0)
FN:17,(anonymous_1)
FN:24,(anonymous_2)
FN:55,(anonymous_3)
FN:57,(anonymous_4)
FNF:5
FNH:3
FNDA:6,(anonymous_0)
FNDA:6,(anonymous_1)
FNDA:8,(anonymous_2)
FNDA:0,(anonymous_3)
FNDA:0,(anonymous_4)
DA:11,2
DA:12,6
DA:17,2
DA:18,6
DA:20,6
DA:22,6
DA:24,8
DA:25,6
DA:27,6
DA:55,0
DA:57,0
LF:11
LH:9
BRDA:52,0,0,6
BRDA:52,0,1,0
BRDA:54,1,0,0
BRDA:54,1,1,6
BRF:4
BRH:2
end_of_record
TN:
SF:src/components/RestaurantCard.js
FN:5,(anonymous_0)
FNF:1
FNH:1
FNDA:49,(anonymous_0)
DA:5,1
DA:11,49
DA:12,49
LF:3
LH:3
BRF:0
BRH:0
end_of_record
TN:
SF:src/components/RestrauntMenu.js
FN:9,(anonymous_0)
FN:16,(anonymous_1)
FN:36,(anonymous_2)
FN:42,(anonymous_3)
FNF:4
FNH:4
FNDA:2,(anonymous_0)
FNDA:2,(anonymous_1)
FNDA:100,(anonymous_2)
FNDA:2,(anonymous_3)
DA:9,1
DA:10,2
DA:12,2
DA:14,2
DA:16,2
DA:17,2
DA:20,2
DA:37,100
DA:42,2
LF:9
LH:9
BRDA:20,0,0,1
BRDA:20,0,1,1
BRF:2
BRH:2
end_of_record
TN:
SF:src/components/Shimmer.js
FN:1,(anonymous_0)
FN:6,(anonymous_1)
FNF:2
FNH:2
FNDA:4,(anonymous_0)
FNDA:40,(anonymous_1)
DA:1,2
DA:2,4
DA:7,40
LF:3
LH:3
BRF:0
BRH:0
end_of_record
TN:
SF:src/components/sum.js
FN:1,(anonymous_0)
FNF:1
FNH:1
FNDA:1,(anonymous_0)
DA:1,1
LF:1
LH:1
BRF:0
BRH:0
end_of_record
TN:
SF:src/mocks/data.js
FNF:0
FNH:0
DA:1,2
DA:8064,2
LF:2
LH:2
BRF:0
BRH:0
end_of_record
TN:
SF:src/mocks/dummyLogo.js
FNF:0
FNH:0
LF:0
LH:0
BRF:0
BRH:0
end_of_record
TN:
SF:src/utils/UserContext.js
FNF:0
FNH:0
DA:3,3
DA:10,3
LF:2
LH:2
BRF:0
BRH:0
end_of_record
TN:
SF:src/utils/cartSlice.js
FN:9,(anonymous_0)
FN:12,(anonymous_1)
FN:15,(anonymous_2)
FNF:3
FNH:1
FNDA:2,(anonymous_0)
FNDA:0,(anonymous_1)
FNDA:0,(anonymous_2)
DA:3,3
DA:10,2
DA:13,0
DA:16,0
DA:21,3
LF:5
LH:3
BRF:0
BRH:0
end_of_record
TN:
SF:src/utils/helper.js
FN:1,filterData
FN:2,(anonymous_1)
FNF:2
FNH:2
FNDA:1,filterData
FNDA:15,(anonymous_1)
DA:2,1
DA:3,15
DA:6,1
LF:3
LH:3
BRF:0
BRH:0
end_of_record
TN:
SF:src/utils/store.js
FNF:0
FNH:0
DA:4,3
LF:1
LH:1
BRF:0
BRH:0
end_of_record
TN:
SF:src/utils/useOnline.js
FN:3,(anonymous_0)
FN:6,(anonymous_1)
FN:7,(anonymous_2)
FN:10,(anonymous_3)
FN:17,(anonymous_4)
FNF:5
FNH:3
FNDA:6,(anonymous_0)
FNDA:4,(anonymous_1)
FNDA:0,(anonymous_2)
FNDA:0,(anonymous_3)
FNDA:4,(anonymous_4)
DA:3,3
DA:4,6
DA:6,6
DA:7,4
DA:8,0
DA:10,4
DA:11,0
DA:14,4
DA:15,4
DA:17,4
DA:18,4
DA:19,4
DA:23,6
LF:13
LH:11
BRF:0
BRH:0
end_of_record
TN:
SF:src/utils/useRestaurant.js
FN:4,(anonymous_0)
FN:7,(anonymous_1)
FN:11,getRestaurantInfo
FNF:3
FNH:3
FNDA:2,(anonymous_0)
FNDA:1,(anonymous_1)
FNDA:1,getRestaurantInfo
DA:4,1
DA:5,2
DA:7,2
DA:8,1
DA:12,1
DA:13,1
DA:14,1
DA:17,2
LF:8
LH:8
BRF:0
BRH:0
end_of_record
