<?xml version="1.0" encoding="UTF-8"?>
<coverage generated="1675598837674" clover="3.2.0">
  <project timestamp="1675598837675" name="All files">
    <metrics statements="83" coveredstatements="75" conditionals="10" coveredconditionals="7" methods="34" coveredmethods="26" elements="127" coveredelements="108" complexity="0" loc="83" ncloc="83" packages="4" files="15" classes="15"/>
    <package name="src">
      <metrics statements="3" coveredstatements="3" conditionals="0" coveredconditionals="0" methods="0" coveredmethods="0"/>
      <file name="contants.js" path="/Users/mac/Documents/Namaste-React/Coding-Assignments/Chapter-13-Unit-testing-Jest/src/contants.js">
        <metrics statements="3" coveredstatements="3" conditionals="0" coveredconditionals="0" methods="0" coveredmethods="0"/>
        <line num="2" count="2" type="stmt"/>
        <line num="5" count="2" type="stmt"/>
        <line num="7" count="2" type="stmt"/>
      </file>
    </package>
    <package name="src.components">
      <metrics statements="46" coveredstatements="42" conditionals="10" coveredconditionals="7" methods="21" coveredmethods="17"/>
      <file name="Body.js" path="/Users/mac/Documents/Namaste-React/Coding-Assignments/Chapter-13-Unit-testing-Jest/src/components/Body.js">
        <metrics statements="19" coveredstatements="17" conditionals="4" coveredconditionals="3" methods="8" coveredmethods="6"/>
        <line num="10" count="1" type="stmt"/>
        <line num="11" count="8" type="stmt"/>
        <line num="12" count="7" type="stmt"/>
        <line num="13" count="7" type="stmt"/>
        <line num="14" count="7" type="stmt"/>
        <line num="16" count="7" type="stmt"/>
        <line num="17" count="3" type="stmt"/>
        <line num="21" count="3" type="stmt"/>
        <line num="24" count="3" type="stmt"/>
        <line num="25" count="3" type="stmt"/>
        <line num="26" count="3" type="stmt"/>
        <line num="28" count="7" type="cond" truecount="1" falsecount="1"/>
        <line num="30" count="7" type="cond" truecount="2" falsecount="0"/>
        <line num="42" count="1" type="stmt"/>
        <line num="50" count="1" type="stmt"/>
        <line num="52" count="1" type="stmt"/>
        <line num="60" count="0" type="stmt"/>
        <line num="69" count="0" type="stmt"/>
        <line num="79" count="49" type="stmt"/>
      </file>
      <file name="Header.js" path="/Users/mac/Documents/Namaste-React/Coding-Assignments/Chapter-13-Unit-testing-Jest/src/components/Header.js">
        <metrics statements="11" coveredstatements="9" conditionals="4" coveredconditionals="2" methods="5" coveredmethods="3"/>
        <line num="11" count="2" type="stmt"/>
        <line num="12" count="6" type="stmt"/>
        <line num="17" count="2" type="stmt"/>
        <line num="18" count="6" type="stmt"/>
        <line num="20" count="6" type="stmt"/>
        <line num="22" count="6" type="stmt"/>
        <line num="24" count="8" type="stmt"/>
        <line num="25" count="6" type="stmt"/>
        <line num="27" count="6" type="stmt"/>
        <line num="55" count="0" type="stmt"/>
        <line num="57" count="0" type="stmt"/>
      </file>
      <file name="RestaurantCard.js" path="/Users/mac/Documents/Namaste-React/Coding-Assignments/Chapter-13-Unit-testing-Jest/src/components/RestaurantCard.js">
        <metrics statements="3" coveredstatements="3" conditionals="0" coveredconditionals="0" methods="1" coveredmethods="1"/>
        <line num="5" count="1" type="stmt"/>
        <line num="11" count="49" type="stmt"/>
        <line num="12" count="49" type="stmt"/>
      </file>
      <file name="RestrauntMenu.js" path="/Users/mac/Documents/Namaste-React/Coding-Assignments/Chapter-13-Unit-testing-Jest/src/components/RestrauntMenu.js">
        <metrics statements="9" coveredstatements="9" conditionals="2" coveredconditionals="2" methods="4" coveredmethods="4"/>
        <line num="9" count="1" type="stmt"/>
        <line num="10" count="2" type="stmt"/>
        <line num="12" count="2" type="stmt"/>
        <line num="14" count="2" type="stmt"/>
        <line num="16" count="2" type="stmt"/>
        <line num="17" count="2" type="stmt"/>
        <line num="20" count="2" type="cond" truecount="2" falsecount="0"/>
        <line num="37" count="100" type="stmt"/>
        <line num="42" count="2" type="stmt"/>
      </file>
      <file name="Shimmer.js" path="/Users/mac/Documents/Namaste-React/Coding-Assignments/Chapter-13-Unit-testing-Jest/src/components/Shimmer.js">
        <metrics statements="3" coveredstatements="3" conditionals="0" coveredconditionals="0" methods="2" coveredmethods="2"/>
        <line num="1" count="2" type="stmt"/>
        <line num="2" count="4" type="stmt"/>
        <line num="7" count="40" type="stmt"/>
      </file>
      <file name="sum.js" path="/Users/mac/Documents/Namaste-React/Coding-Assignments/Chapter-13-Unit-testing-Jest/src/components/sum.js">
        <metrics statements="1" coveredstatements="1" conditionals="0" coveredconditionals="0" methods="1" coveredmethods="1"/>
        <line num="1" count="1" type="stmt"/>
      </file>
    </package>
    <package name="src.mocks">
      <metrics statements="2" coveredstatements="2" conditionals="0" coveredconditionals="0" methods="0" coveredmethods="0"/>
      <file name="data.js" path="/Users/mac/Documents/Namaste-React/Coding-Assignments/Chapter-13-Unit-testing-Jest/src/mocks/data.js">
        <metrics statements="2" coveredstatements="2" conditionals="0" coveredconditionals="0" methods="0" coveredmethods="0"/>
        <line num="1" count="2" type="stmt"/>
        <line num="8064" count="2" type="stmt"/>
      </file>
      <file name="dummyLogo.js" path="/Users/mac/Documents/Namaste-React/Coding-Assignments/Chapter-13-Unit-testing-Jest/src/mocks/dummyLogo.js">
        <metrics statements="0" coveredstatements="0" conditionals="0" coveredconditionals="0" methods="0" coveredmethods="0"/>
      </file>
    </package>
    <package name="src.utils">
      <metrics statements="32" coveredstatements="28" conditionals="0" coveredconditionals="0" methods="13" coveredmethods="9"/>
      <file name="UserContext.js" path="/Users/mac/Documents/Namaste-React/Coding-Assignments/Chapter-13-Unit-testing-Jest/src/utils/UserContext.js">
        <metrics statements="2" coveredstatements="2" conditionals="0" coveredconditionals="0" methods="0" coveredmethods="0"/>
        <line num="3" count="3" type="stmt"/>
        <line num="10" count="3" type="stmt"/>
      </file>
      <file name="cartSlice.js" path="/Users/mac/Documents/Namaste-React/Coding-Assignments/Chapter-13-Unit-testing-Jest/src/utils/cartSlice.js">
        <metrics statements="5" coveredstatements="3" conditionals="0" coveredconditionals="0" methods="3" coveredmethods="1"/>
        <line num="3" count="3" type="stmt"/>
        <line num="10" count="2" type="stmt"/>
        <line num="13" count="0" type="stmt"/>
        <line num="16" count="0" type="stmt"/>
        <line num="21" count="3" type="stmt"/>
      </file>
      <file name="helper.js" path="/Users/mac/Documents/Namaste-React/Coding-Assignments/Chapter-13-Unit-testing-Jest/src/utils/helper.js">
        <metrics statements="3" coveredstatements="3" conditionals="0" coveredconditionals="0" methods="2" coveredmethods="2"/>
        <line num="2" count="1" type="stmt"/>
        <line num="3" count="15" type="stmt"/>
        <line num="6" count="1" type="stmt"/>
      </file>
      <file name="store.js" path="/Users/mac/Documents/Namaste-React/Coding-Assignments/Chapter-13-Unit-testing-Jest/src/utils/store.js">
        <metrics statements="1" coveredstatements="1" conditionals="0" coveredconditionals="0" methods="0" coveredmethods="0"/>
        <line num="4" count="3" type="stmt"/>
      </file>
      <file name="useOnline.js" path="/Users/mac/Documents/Namaste-React/Coding-Assignments/Chapter-13-Unit-testing-Jest/src/utils/useOnline.js">
        <metrics statements="13" coveredstatements="11" conditionals="0" coveredconditionals="0" methods="5" coveredmethods="3"/>
        <line num="3" count="3" type="stmt"/>
        <line num="4" count="6" type="stmt"/>
        <line num="6" count="6" type="stmt"/>
        <line num="7" count="4" type="stmt"/>
        <line num="8" count="0" type="stmt"/>
        <line num="10" count="4" type="stmt"/>
        <line num="11" count="0" type="stmt"/>
        <line num="14" count="4" type="stmt"/>
        <line num="15" count="4" type="stmt"/>
        <line num="17" count="4" type="stmt"/>
        <line num="18" count="4" type="stmt"/>
        <line num="19" count="4" type="stmt"/>
        <line num="23" count="6" type="stmt"/>
      </file>
      <file name="useRestaurant.js" path="/Users/mac/Documents/Namaste-React/Coding-Assignments/Chapter-13-Unit-testing-Jest/src/utils/useRestaurant.js">
        <metrics statements="8" coveredstatements="8" conditionals="0" coveredconditionals="0" methods="3" coveredmethods="3"/>
        <line num="4" count="1" type="stmt"/>
        <line num="5" count="2" type="stmt"/>
        <line num="7" count="2" type="stmt"/>
        <line num="8" count="1" type="stmt"/>
        <line num="12" count="1" type="stmt"/>
        <line num="13" count="1" type="stmt"/>
        <line num="14" count="1" type="stmt"/>
        <line num="17" count="2" type="stmt"/>
      </file>
    </package>
  </project>
</coverage>
